09:52:54 **** Incremental Build of configuration Debug for project TP1 ****
Info: Internal Builder is used for build
gcc -O0 -g3 -Wall -c -fmessage-length=0 -o "src\\menu.o" "..\\src\\menu.c" 
gcc -O0 -g3 -Wall -c -fmessage-length=0 -o "src\\validations.o" "..\\src\\validations.c" 
gcc -O0 -g3 -Wall -c -fmessage-length=0 -o "src\\main.o" "..\\src\\main.c" 
gcc -O0 -g3 -Wall -c -fmessage-length=0 -o "src\\operations.o" "..\\src\\operations.c" 
gcc -O0 -g3 -Wall -c -fmessage-length=0 -o "src\\inout.o" "..\\src\\inout.c" 
gcc -o TP1.exe "src\\inout.o" "src\\main.o" "src\\menu.o" "src\\operations.o" "src\\validations.o" 
Info: Nothing to build for TP1
Info: Nothing to build for TP1
Info: Nothing to build for TP1
10:16:27 **** Incremental Build of configuration Debug for project TP1 ****
Info: Internal Builder is used for build
gcc -O0 -g3 -Wall -c -fmessage-length=0 -o "src\\validations.o" "..\\src\\validations.c" 
..\src\validations.c: In function 'getChar':
..\src\validations.c:132:13: warning: format '%c' expects argument of type 'int', but argument 2 has type 'char *' [-Wformat=]
  132 |    printf("%c", cadena);
      |            ~^   ~~~~~~
      |             |   |
      |             int char *
      |            %s
gcc -o TP1.exe "src\\inout.o" "src\\main.o" "src\\menu.o" "src\\operations.o" "src\\validations.o" 
Info: Nothing to build for TP1
10:17:56 **** Incremental Build of configuration Debug for project TP1 ****
Info: Internal Builder is used for build
gcc -O0 -g3 -Wall -c -fmessage-length=0 -o "src\\validations.o" "..\\src\\validations.c" 
gcc -o TP1.exe "src\\inout.o" "src\\main.o" "src\\menu.o" "src\\operations.o" "src\\validations.o" 
c:/mingw/bin/../lib/gcc/mingw32/9.2.0/../../../../mingw32/bin/ld.exe: cannot open output file TP1.exe: Permission denied
collect2.exe: error: ld returned 1 exit status
10:18:01 **** Incremental Build of configuration Debug for project TP1 ****
Info: Internal Builder is used for build
gcc -o TP1.exe "src\\inout.o" "src\\main.o" "src\\menu.o" "src\\operations.o" "src\\validations.o" 
10:19:22 **** Incremental Build of configuration Debug for project TP1 ****
Info: Internal Builder is used for build
gcc -O0 -g3 -Wall -c -fmessage-length=0 -o "src\\validations.o" "..\\src\\validations.c" 
gcc -o TP1.exe "src\\inout.o" "src\\main.o" "src\\menu.o" "src\\operations.o" "src\\validations.o" 
c:/mingw/bin/../lib/gcc/mingw32/9.2.0/../../../../mingw32/bin/ld.exe: cannot open output file TP1.exe: Permission denied
collect2.exe: error: ld returned 1 exit status
10:19:25 **** Incremental Build of configuration Debug for project TP1 ****
Info: Internal Builder is used for build
gcc -o TP1.exe "src\\inout.o" "src\\main.o" "src\\menu.o" "src\\operations.o" "src\\validations.o" 
10:19:42 **** Incremental Build of configuration Debug for project TP1 ****
Info: Internal Builder is used for build
gcc -O0 -g3 -Wall -c -fmessage-length=0 -o "src\\validations.o" "..\\src\\validations.c" 
gcc -o TP1.exe "src\\inout.o" "src\\main.o" "src\\menu.o" "src\\operations.o" "src\\validations.o" 
Info: Nothing to build for TP1
10:21:41 **** Incremental Build of configuration Debug for project TP1 ****
Info: Internal Builder is used for build
gcc -O0 -g3 -Wall -c -fmessage-length=0 -o "src\\validations.o" "..\\src\\validations.c" 
gcc -o TP1.exe "src\\inout.o" "src\\main.o" "src\\menu.o" "src\\operations.o" "src\\validations.o" 
Info: Nothing to build for TP1
10:22:07 **** Incremental Build of configuration Debug for project TP1 ****
Info: Internal Builder is used for build
gcc -O0 -g3 -Wall -c -fmessage-length=0 -o "src\\validations.o" "..\\src\\validations.c" 
..\src\validations.c: In function 'getChar':
..\src\validations.c:132:13: warning: format '%s' expects argument of type 'char *', but argument 2 has type 'int' [-Wformat=]
  132 |    printf("%s", cadena[0]);
      |            ~^   ~~~~~~~~~
      |             |         |
      |             char *    int
      |            %d
gcc -o TP1.exe "src\\inout.o" "src\\main.o" "src\\menu.o" "src\\operations.o" "src\\validations.o" 
Info: Nothing to build for TP1
10:25:51 **** Incremental Build of configuration Debug for project TP1 ****
Info: Internal Builder is used for build
gcc -O0 -g3 -Wall -c -fmessage-length=0 -o "src\\validations.o" "..\\src\\validations.c" 
..\src\validations.c: In function 'isNumber':
..\src\validations.c:56:57: warning: comparison between pointer and integer
   56 |    if (cadena[i] < '0' || cadena[i] > '9'  || cadena[i] == NULL)
      |                                                         ^~
..\src\validations.c: In function 'getChar':
..\src\validations.c:132:13: warning: format '%s' expects argument of type 'char *', but argument 2 has type 'int' [-Wformat=]
  132 |    printf("%s", cadena[0]);
      |            ~^   ~~~~~~~~~
      |             |         |
      |             char *    int
      |            %d
gcc -o TP1.exe "src\\inout.o" "src\\main.o" "src\\menu.o" "src\\operations.o" "src\\validations.o" 
c:/mingw/bin/../lib/gcc/mingw32/9.2.0/../../../../mingw32/bin/ld.exe: cannot open output file TP1.exe: Permission denied
collect2.exe: error: ld returned 1 exit status
10:25:54 **** Incremental Build of configuration Debug for project TP1 ****
Info: Internal Builder is used for build
gcc -o TP1.exe "src\\inout.o" "src\\main.o" "src\\menu.o" "src\\operations.o" "src\\validations.o" 
Info: Nothing to build for TP1
Info: Nothing to build for TP1
Info: Nothing to build for TP1
10:26:33 **** Incremental Build of configuration Debug for project TP1 ****
Info: Internal Builder is used for build
gcc -O0 -g3 -Wall -c -fmessage-length=0 -o "src\\validations.o" "..\\src\\validations.c" 
..\src\validations.c: In function 'isNumber':
..\src\validations.c:56:57: warning: comparison between pointer and integer
   56 |    if (cadena[i] < '0' || cadena[i] > '9'  || cadena[i] == NULL)
      |                                                         ^~
..\src\validations.c: In function 'getChar':
..\src\validations.c:132:13: warning: format '%s' expects argument of type 'char *', but argument 2 has type 'int' [-Wformat=]
  132 |    printf("%s", cadena[0]);
      |            ~^   ~~~~~~~~~
      |             |         |
      |             char *    int
      |            %d
..\src\validations.c:133:13: warning: format '%s' expects argument of type 'char *', but argument 2 has type 'int' [-Wformat=]
  133 |    printf("%s", cadena[1]);
      |            ~^   ~~~~~~~~~
      |             |         |
      |             char *    int
      |            %d
..\src\validations.c:134:13: warning: format '%s' expects argument of type 'char *', but argument 2 has type 'int' [-Wformat=]
  134 |    printf("%s", cadena[2]);
      |            ~^   ~~~~~~~~~
      |             |         |
      |             char *    int
      |            %d
gcc -o TP1.exe "src\\inout.o" "src\\main.o" "src\\menu.o" "src\\operations.o" "src\\validations.o" 
Info: Nothing to build for TP1
10:26:55 **** Incremental Build of configuration Debug for project TP1 ****
Info: Internal Builder is used for build
gcc -O0 -g3 -Wall -c -fmessage-length=0 -o "src\\validations.o" "..\\src\\validations.c" 
..\src\validations.c: In function 'isNumber':
..\src\validations.c:56:57: warning: comparison between pointer and integer
   56 |    if (cadena[i] < '0' || cadena[i] > '9'  || cadena[i] == NULL)
      |                                                         ^~
..\src\validations.c: In function 'getChar':
..\src\validations.c:132:13: warning: format '%s' expects argument of type 'char *', but argument 2 has type 'int' [-Wformat=]
  132 |    printf("%s", cadena[0]);
      |            ~^   ~~~~~~~~~
      |             |         |
      |             char *    int
      |            %d
..\src\validations.c:133:13: warning: format '%s' expects argument of type 'char *', but argument 2 has type 'int' [-Wformat=]
  133 |    printf("%s", cadena[1]);
      |            ~^   ~~~~~~~~~
      |             |         |
      |             char *    int
      |            %d
gcc -o TP1.exe "src\\inout.o" "src\\main.o" "src\\menu.o" "src\\operations.o" "src\\validations.o" 
Info: Nothing to build for TP1
10:28:27 **** Incremental Build of configuration Debug for project TP1 ****
Info: Internal Builder is used for build
gcc -O0 -g3 -Wall -c -fmessage-length=0 -o "src\\validations.o" "..\\src\\validations.c" 
..\src\validations.c: In function 'isNumber':
..\src\validations.c:56:59: warning: comparison between pointer and integer
   56 |    if ((cadena[i] < '0' || cadena[i] > '9')  || cadena[i] == NULL)
      |                                                           ^~
..\src\validations.c: In function 'getChar':
..\src\validations.c:132:13: warning: format '%s' expects argument of type 'char *', but argument 2 has type 'int' [-Wformat=]
  132 |    printf("%s", cadena[0]);
      |            ~^   ~~~~~~~~~
      |             |         |
      |             char *    int
      |            %d
..\src\validations.c:133:13: warning: format '%s' expects argument of type 'char *', but argument 2 has type 'int' [-Wformat=]
  133 |    printf("%s", cadena[1]);
      |            ~^   ~~~~~~~~~
      |             |         |
      |             char *    int
      |            %d
gcc -o TP1.exe "src\\inout.o" "src\\main.o" "src\\menu.o" "src\\operations.o" "src\\validations.o" 
10:29:05 **** Incremental Build of configuration Debug for project TP1 ****
Info: Internal Builder is used for build
gcc -O0 -g3 -Wall -c -fmessage-length=0 -o "src\\validations.o" "..\\src\\validations.c" 
..\src\validations.c: In function 'isNumber':
..\src\validations.c:56:62: warning: multi-character character constant [-Wmultichar]
   56 |    if ((cadena[i] < '0' || cadena[i] > '9')  || cadena[i] == 'NULL')
      |                                                              ^~~~~~
..\src\validations.c: In function 'getChar':
..\src\validations.c:132:13: warning: format '%s' expects argument of type 'char *', but argument 2 has type 'int' [-Wformat=]
  132 |    printf("%s", cadena[0]);
      |            ~^   ~~~~~~~~~
      |             |         |
      |             char *    int
      |            %d
..\src\validations.c:133:13: warning: format '%s' expects argument of type 'char *', but argument 2 has type 'int' [-Wformat=]
  133 |    printf("%s", cadena[1]);
      |            ~^   ~~~~~~~~~
      |             |         |
      |             char *    int
      |            %d
gcc -o TP1.exe "src\\inout.o" "src\\main.o" "src\\menu.o" "src\\operations.o" "src\\validations.o" 
10:29:25 **** Incremental Build of configuration Debug for project TP1 ****
Info: Internal Builder is used for build
gcc -O0 -g3 -Wall -c -fmessage-length=0 -o "src\\validations.o" "..\\src\\validations.c" 
..\src\validations.c: In function 'isNumber':
..\src\validations.c:56:60: warning: multi-character character constant [-Wmultichar]
   56 |    if (cadena[i] < '0' || cadena[i] > '9'  || cadena[i] == 'NULL')
      |                                                            ^~~~~~
..\src\validations.c: In function 'getChar':
..\src\validations.c:132:13: warning: format '%s' expects argument of type 'char *', but argument 2 has type 'int' [-Wformat=]
  132 |    printf("%s", cadena[0]);
      |            ~^   ~~~~~~~~~
      |             |         |
      |             char *    int
      |            %d
..\src\validations.c:133:13: warning: format '%s' expects argument of type 'char *', but argument 2 has type 'int' [-Wformat=]
  133 |    printf("%s", cadena[1]);
      |            ~^   ~~~~~~~~~
      |             |         |
      |             char *    int
      |            %d
gcc -o TP1.exe "src\\inout.o" "src\\main.o" "src\\menu.o" "src\\operations.o" "src\\validations.o" 
10:29:40 **** Incremental Build of configuration Debug for project TP1 ****
Info: Internal Builder is used for build
gcc -O0 -g3 -Wall -c -fmessage-length=0 -o "src\\validations.o" "..\\src\\validations.c" 
..\src\validations.c: In function 'isNumber':
..\src\validations.c:56:57: warning: comparison between pointer and integer
   56 |    if (cadena[i] < '0' || cadena[i] > '9'  || cadena[i] == NULL)
      |                                                         ^~
..\src\validations.c: In function 'getChar':
..\src\validations.c:132:13: warning: format '%s' expects argument of type 'char *', but argument 2 has type 'int' [-Wformat=]
  132 |    printf("%s", cadena[0]);
      |            ~^   ~~~~~~~~~
      |             |         |
      |             char *    int
      |            %d
..\src\validations.c:133:13: warning: format '%s' expects argument of type 'char *', but argument 2 has type 'int' [-Wformat=]
  133 |    printf("%s", cadena[1]);
      |            ~^   ~~~~~~~~~
      |             |         |
      |             char *    int
      |            %d
gcc -o TP1.exe "src\\inout.o" "src\\main.o" "src\\menu.o" "src\\operations.o" "src\\validations.o" 
10:30:07 **** Incremental Build of configuration Debug for project TP1 ****
Info: Internal Builder is used for build
gcc -O0 -g3 -Wall -c -fmessage-length=0 -o "src\\validations.o" "..\\src\\validations.c" 
..\src\validations.c: In function 'getChar':
..\src\validations.c:132:13: warning: format '%s' expects argument of type 'char *', but argument 2 has type 'int' [-Wformat=]
  132 |    printf("%s", cadena[0]);
      |            ~^   ~~~~~~~~~
      |             |         |
      |             char *    int
      |            %d
..\src\validations.c:133:13: warning: format '%s' expects argument of type 'char *', but argument 2 has type 'int' [-Wformat=]
  133 |    printf("%s", cadena[1]);
      |            ~^   ~~~~~~~~~
      |             |         |
      |             char *    int
      |            %d
gcc -o TP1.exe "src\\inout.o" "src\\main.o" "src\\menu.o" "src\\operations.o" "src\\validations.o" 
10:31:04 **** Incremental Build of configuration Debug for project TP1 ****
Info: Internal Builder is used for build
gcc -O0 -g3 -Wall -c -fmessage-length=0 -o "src\\validations.o" "..\\src\\validations.c" 
..\src\validations.c: In function 'isNumber':
..\src\validations.c:56:47: error: invalid type argument of unary '*' (have 'int')
   56 |    if (cadena[i] < '0' || cadena[i] > '9'  || *cadena[i] == NULL)
      |                                               ^~~~~~~~~~
..\src\validations.c: In function 'getChar':
..\src\validations.c:132:13: warning: format '%s' expects argument of type 'char *', but argument 2 has type 'int' [-Wformat=]
  132 |    printf("%s", cadena[0]);
      |            ~^   ~~~~~~~~~
      |             |         |
      |             char *    int
      |            %d
..\src\validations.c:133:13: warning: format '%s' expects argument of type 'char *', but argument 2 has type 'int' [-Wformat=]
  133 |    printf("%s", cadena[1]);
      |            ~^   ~~~~~~~~~
      |             |         |
      |             char *    int
      |            %d
10:31:11 **** Incremental Build of configuration Debug for project TP1 ****
Info: Internal Builder is used for build
gcc -O0 -g3 -Wall -c -fmessage-length=0 -o "src\\validations.o" "..\\src\\validations.c" 
..\src\validations.c: In function 'isNumber':
..\src\validations.c:56:57: warning: comparison between pointer and integer
   56 |    if (cadena[i] < '0' || cadena[i] > '9'  || cadena[i] == NULL)
      |                                                         ^~
..\src\validations.c: In function 'getChar':
..\src\validations.c:132:13: warning: format '%s' expects argument of type 'char *', but argument 2 has type 'int' [-Wformat=]
  132 |    printf("%s", cadena[0]);
      |            ~^   ~~~~~~~~~
      |             |         |
      |             char *    int
      |            %d
..\src\validations.c:133:13: warning: format '%s' expects argument of type 'char *', but argument 2 has type 'int' [-Wformat=]
  133 |    printf("%s", cadena[1]);
      |            ~^   ~~~~~~~~~
      |             |         |
      |             char *    int
      |            %d
gcc -o TP1.exe "src\\inout.o" "src\\main.o" "src\\menu.o" "src\\operations.o" "src\\validations.o" 
10:31:21 **** Incremental Build of configuration Debug for project TP1 ****
Info: Internal Builder is used for build
gcc -O0 -g3 -Wall -c -fmessage-length=0 -o "src\\validations.o" "..\\src\\validations.c" 
..\src\validations.c: In function 'isNumber':
..\src\validations.c:56:60: warning: dereferencing 'void *' pointer
   56 |    if (cadena[i] < '0' || cadena[i] > '9'  || cadena[i] == *NULL)
      |                                                            ^
..\src\validations.c:56:60: error: void value not ignored as it ought to be
..\src\validations.c: In function 'getChar':
..\src\validations.c:132:13: warning: format '%s' expects argument of type 'char *', but argument 2 has type 'int' [-Wformat=]
  132 |    printf("%s", cadena[0]);
      |            ~^   ~~~~~~~~~
      |             |         |
      |             char *    int
      |            %d
..\src\validations.c:133:13: warning: format '%s' expects argument of type 'char *', but argument 2 has type 'int' [-Wformat=]
  133 |    printf("%s", cadena[1]);
      |            ~^   ~~~~~~~~~
      |             |         |
      |             char *    int
      |            %d
10:31:26 **** Incremental Build of configuration Debug for project TP1 ****
Info: Internal Builder is used for build
gcc -O0 -g3 -Wall -c -fmessage-length=0 -o "src\\validations.o" "..\\src\\validations.c" 
..\src\validations.c: In function 'isNumber':
..\src\validations.c:56:57: warning: comparison between pointer and integer
   56 |    if (cadena[i] < '0' || cadena[i] > '9'  || cadena[i] == NULL)
      |                                                         ^~
..\src\validations.c: In function 'getChar':
..\src\validations.c:132:13: warning: format '%s' expects argument of type 'char *', but argument 2 has type 'int' [-Wformat=]
  132 |    printf("%s", cadena[0]);
      |            ~^   ~~~~~~~~~
      |             |         |
      |             char *    int
      |            %d
..\src\validations.c:133:13: warning: format '%s' expects argument of type 'char *', but argument 2 has type 'int' [-Wformat=]
  133 |    printf("%s", cadena[1]);
      |            ~^   ~~~~~~~~~
      |             |         |
      |             char *    int
      |            %d
gcc -o TP1.exe "src\\inout.o" "src\\main.o" "src\\menu.o" "src\\operations.o" "src\\validations.o" 
10:31:40 **** Incremental Build of configuration Debug for project TP1 ****
Info: Internal Builder is used for build
gcc -O0 -g3 -Wall -c -fmessage-length=0 -o "src\\validations.o" "..\\src\\validations.c" 
..\src\validations.c: In function 'isNumber':
..\src\validations.c:56:60: error: empty character constant
   56 |    if (cadena[i] < '0' || cadena[i] > '9'  || cadena[i] == '')
      |                                                            ^~
..\src\validations.c: In function 'getChar':
..\src\validations.c:132:13: warning: format '%s' expects argument of type 'char *', but argument 2 has type 'int' [-Wformat=]
  132 |    printf("%s", cadena[0]);
      |            ~^   ~~~~~~~~~
      |             |         |
      |             char *    int
      |            %d
..\src\validations.c:133:13: warning: format '%s' expects argument of type 'char *', but argument 2 has type 'int' [-Wformat=]
  133 |    printf("%s", cadena[1]);
      |            ~^   ~~~~~~~~~
      |             |         |
      |             char *    int
      |            %d
10:35:22 **** Incremental Build of configuration Debug for project TP1 ****
Info: Internal Builder is used for build
gcc -O0 -g3 -Wall -c -fmessage-length=0 -o "src\\validations.o" "..\\src\\validations.c" 
gcc -o TP1.exe "src\\inout.o" "src\\main.o" "src\\menu.o" "src\\operations.o" "src\\validations.o" 
Info: Nothing to build for TP1
10:36:36 **** Incremental Build of configuration Debug for project TP1 ****
Info: Internal Builder is used for build
gcc -O0 -g3 -Wall -c -fmessage-length=0 -o "src\\validations.o" "..\\src\\validations.c" 
..\src\validations.c: In function 'isNumber':
..\src\validations.c:56:54: warning: comparison between pointer and integer
   56 |    if (cadena[i] < '0' || cadena[i] > '9'  || cadena == 255)
      |                                                      ^~
gcc -o TP1.exe "src\\inout.o" "src\\main.o" "src\\menu.o" "src\\operations.o" "src\\validations.o" 
Info: Nothing to build for TP1
10:37:07 **** Incremental Build of configuration Debug for project TP1 ****
Info: Internal Builder is used for build
gcc -O0 -g3 -Wall -c -fmessage-length=0 -o "src\\validations.o" "..\\src\\validations.c" 
..\src\validations.c: In function 'isNumber':
..\src\validations.c:56:59: error: empty character constant
   56 |    if (cadena[i] < '0' || cadena[i] > '9' || cadena[i] == '')
      |                                                           ^~
10:37:29 **** Incremental Build of configuration Debug for project TP1 ****
Info: Internal Builder is used for build
gcc -O0 -g3 -Wall -c -fmessage-length=0 -o "src\\validations.o" "..\\src\\validations.c" 
gcc -o TP1.exe "src\\inout.o" "src\\main.o" "src\\menu.o" "src\\operations.o" "src\\validations.o" 
Info: Nothing to build for TP1
10:43:02 **** Incremental Build of configuration Debug for project TP1 ****
Info: Internal Builder is used for build
gcc -O0 -g3 -Wall -c -fmessage-length=0 -o "src\\validations.o" "..\\src\\validations.c" 
gcc -o TP1.exe "src\\inout.o" "src\\main.o" "src\\menu.o" "src\\operations.o" "src\\validations.o" 
Info: Nothing to build for TP1
10:44:20 **** Incremental Build of configuration Debug for project TP1 ****
Info: Internal Builder is used for build
gcc -O0 -g3 -Wall -c -fmessage-length=0 -o "src\\validations.o" "..\\src\\validations.c" 
gcc -o TP1.exe "src\\inout.o" "src\\main.o" "src\\menu.o" "src\\operations.o" "src\\validations.o" 
Info: Nothing to build for TP1
10:51:10 **** Incremental Build of configuration Debug for project TP1 ****
Info: Internal Builder is used for build
gcc -O0 -g3 -Wall -c -fmessage-length=0 -o "src\\validations.o" "..\\src\\validations.c" 
gcc -o TP1.exe "src\\inout.o" "src\\main.o" "src\\menu.o" "src\\operations.o" "src\\validations.o" 
Info: Nothing to build for TP1
10:53:17 **** Incremental Build of configuration Debug for project TP1 ****
Info: Internal Builder is used for build
gcc -O0 -g3 -Wall -c -fmessage-length=0 -o "src\\validations.o" "..\\src\\validations.c" 
gcc -o TP1.exe "src\\inout.o" "src\\main.o" "src\\menu.o" "src\\operations.o" "src\\validations.o" 
Info: Nothing to build for TP1
10:54:35 **** Incremental Build of configuration Debug for project TP1 ****
Info: Internal Builder is used for build
gcc -O0 -g3 -Wall -c -fmessage-length=0 -o "src\\validations.o" "..\\src\\validations.c" 
gcc -o TP1.exe "src\\inout.o" "src\\main.o" "src\\menu.o" "src\\operations.o" "src\\validations.o" 
Info: Nothing to build for TP1
11:01:35 **** Incremental Build of configuration Debug for project TP1 ****
Info: Internal Builder is used for build
gcc -O0 -g3 -Wall -c -fmessage-length=0 -o "src\\main.o" "..\\src\\main.c" 
gcc -o TP1.exe "src\\inout.o" "src\\main.o" "src\\menu.o" "src\\operations.o" "src\\validations.o" 
Info: Nothing to build for TP1
11:02:10 **** Incremental Build of configuration Debug for project TP1 ****
Info: Internal Builder is used for build
gcc -O0 -g3 -Wall -c -fmessage-length=0 -o "src\\main.o" "..\\src\\main.c" 
..\src\main.c: In function 'main':
..\src\main.c:51:13: warning: implicit declaration of function 'cls' [-Wimplicit-function-declaration]
   51 |             cls();
      |             ^~~
gcc -o TP1.exe "src\\inout.o" "src\\main.o" "src\\menu.o" "src\\operations.o" "src\\validations.o" 
c:/mingw/bin/../lib/gcc/mingw32/9.2.0/../../../../mingw32/bin/ld.exe: src\main.o: in function `main':
D:\eclipse-workspace\tp_laboratorio_1\TP1\Debug/../src/main.c:51: undefined reference to `cls'
collect2.exe: error: ld returned 1 exit status
11:02:18 **** Incremental Build of configuration Debug for project TP1 ****
Info: Internal Builder is used for build
gcc -O0 -g3 -Wall -c -fmessage-length=0 -o "src\\main.o" "..\\src\\main.c" 
gcc -o TP1.exe "src\\inout.o" "src\\main.o" "src\\menu.o" "src\\operations.o" "src\\validations.o" 
11:14:54 **** Incremental Build of configuration Debug for project TP1 ****
Info: Internal Builder is used for build
gcc -O0 -g3 -Wall -c -fmessage-length=0 -o "src\\main.o" "..\\src\\main.c" 
gcc -o TP1.exe "src\\inout.o" "src\\main.o" "src\\menu.o" "src\\operations.o" "src\\validations.o" 
Info: Nothing to build for TP1
11:16:39 **** Incremental Build of configuration Debug for project TP1 ****
Info: Internal Builder is used for build
gcc -O0 -g3 -Wall -c -fmessage-length=0 -o "src\\main.o" "..\\src\\main.c" 
gcc -o TP1.exe "src\\inout.o" "src\\main.o" "src\\menu.o" "src\\operations.o" "src\\validations.o" 
Info: Nothing to build for TP1
12:03:05 **** Incremental Build of configuration Debug for project TP1 ****
Info: Internal Builder is used for build
gcc -O0 -g3 -Wall -c -fmessage-length=0 -o "src\\validations.o" "..\\src\\validations.c" 
gcc -o TP1.exe "src\\inout.o" "src\\main.o" "src\\menu.o" "src\\operations.o" "src\\validations.o" 
Info: Nothing to build for TP1
12:05:47 **** Incremental Build of configuration Debug for project TP1 ****
Info: Internal Builder is used for build
gcc -O0 -g3 -Wall -c -fmessage-length=0 -o "src\\validations.o" "..\\src\\validations.c" 
gcc -o TP1.exe "src\\inout.o" "src\\main.o" "src\\menu.o" "src\\operations.o" "src\\validations.o" 
Info: Nothing to build for TP1
Info: Nothing to build for TP1
12:18:23 **** Incremental Build of configuration Debug for project TP1 ****
Info: Internal Builder is used for build
gcc -O0 -g3 -Wall -c -fmessage-length=0 -o "src\\validations.o" "..\\src\\validations.c" 
gcc -o TP1.exe "src\\inout.o" "src\\main.o" "src\\menu.o" "src\\operations.o" "src\\validations.o" 
Info: Nothing to build for TP1
12:20:23 **** Incremental Build of configuration Debug for project TP1 ****
Info: Internal Builder is used for build
gcc -O0 -g3 -Wall -c -fmessage-length=0 -o "src\\validations.o" "..\\src\\validations.c" 
gcc -o TP1.exe "src\\inout.o" "src\\main.o" "src\\menu.o" "src\\operations.o" "src\\validations.o" 
Info: Nothing to build for TP1
12:21:49 **** Incremental Build of configuration Debug for project TP1 ****
Info: Internal Builder is used for build
gcc -O0 -g3 -Wall -c -fmessage-length=0 -o "src\\validations.o" "..\\src\\validations.c" 
gcc -o TP1.exe "src\\inout.o" "src\\main.o" "src\\menu.o" "src\\operations.o" "src\\validations.o" 
Info: Nothing to build for TP1
12:24:25 **** Incremental Build of configuration Debug for project TP1 ****
Info: Internal Builder is used for build
gcc -O0 -g3 -Wall -c -fmessage-length=0 -o "src\\validations.o" "..\\src\\validations.c" 
gcc -o TP1.exe "src\\inout.o" "src\\main.o" "src\\menu.o" "src\\operations.o" "src\\validations.o" 
Info: Nothing to build for TP1
12:25:32 **** Incremental Build of configuration Debug for project TP1 ****
Info: Internal Builder is used for build
gcc -O0 -g3 -Wall -c -fmessage-length=0 -o "src\\validations.o" "..\\src\\validations.c" 
gcc -o TP1.exe "src\\inout.o" "src\\main.o" "src\\menu.o" "src\\operations.o" "src\\validations.o" 
Info: Nothing to build for TP1
12:25:48 **** Incremental Build of configuration Debug for project TP1 ****
Info: Internal Builder is used for build
gcc -O0 -g3 -Wall -c -fmessage-length=0 -o "src\\validations.o" "..\\src\\validations.c" 
gcc -o TP1.exe "src\\inout.o" "src\\main.o" "src\\menu.o" "src\\operations.o" "src\\validations.o" 
Info: Nothing to build for TP1
12:51:35 **** Incremental Build of configuration Debug for project TP1 ****
Info: Internal Builder is used for build
gcc -O0 -g3 -Wall -c -fmessage-length=0 -o "src\\inout.o" "..\\src\\inout.c" 
gcc -O0 -g3 -Wall -c -fmessage-length=0 -o "src\\main.o" "..\\src\\main.c" 
..\src\main.c: In function 'main':
..\src\main.c:27:11: warning: unused variable 'operation' [-Wunused-variable]
   27 |     char  operation;
      |           ^~~~~~~~~
gcc -O0 -g3 -Wall -c -fmessage-length=0 -o "src\\menu.o" "..\\src\\menu.c" 
gcc -o TP1.exe "src\\inout.o" "src\\main.o" "src\\menu.o" "src\\operations.o" "src\\validations.o" 
Info: Nothing to build for TP1
12:52:54 **** Incremental Build of configuration Debug for project TP1 ****
Info: Internal Builder is used for build
gcc -O0 -g3 -Wall -c -fmessage-length=0 -o "src\\main.o" "..\\src\\main.c" 
..\src\main.c: In function 'main':
..\src\main.c:27:11: warning: unused variable 'operation' [-Wunused-variable]
   27 |     char  operation;
      |           ^~~~~~~~~
..\src\main.c:26:11: warning: unused variable 'exit' [-Wunused-variable]
   26 |     bool  exit=0;
      |           ^~~~
gcc -o TP1.exe "src\\inout.o" "src\\main.o" "src\\menu.o" "src\\operations.o" "src\\validations.o" 
Info: Nothing to build for TP1
Info: Nothing to build for TP1
Info: Nothing to build for TP1
12:57:57 **** Incremental Build of configuration Debug for project TP1 ****
Info: Internal Builder is used for build
gcc -O0 -g3 -Wall -c -fmessage-length=0 -o "src\\main.o" "..\\src\\main.c" 
..\src\main.c: In function 'main':
..\src\main.c:27:11: warning: unused variable 'operation' [-Wunused-variable]
   27 |     char  operation;
      |           ^~~~~~~~~
..\src\main.c:26:11: warning: unused variable 'exit' [-Wunused-variable]
   26 |     bool  exit=0;
      |           ^~~~
gcc -O0 -g3 -Wall -c -fmessage-length=0 -o "src\\inout.o" "..\\src\\inout.c" 
gcc -o TP1.exe "src\\inout.o" "src\\main.o" "src\\menu.o" "src\\operations.o" "src\\validations.o" 
Info: Nothing to build for TP1
12:58:28 **** Incremental Build of configuration Debug for project TP1 ****
Info: Internal Builder is used for build
gcc -O0 -g3 -Wall -c -fmessage-length=0 -o "src\\inout.o" "..\\src\\inout.c" 
gcc -o TP1.exe "src\\inout.o" "src\\main.o" "src\\menu.o" "src\\operations.o" "src\\validations.o" 
Info: Nothing to build for TP1
12:58:50 **** Incremental Build of configuration Debug for project TP1 ****
Info: Internal Builder is used for build
gcc -O0 -g3 -Wall -c -fmessage-length=0 -o "src\\inout.o" "..\\src\\inout.c" 
gcc -o TP1.exe "src\\inout.o" "src\\main.o" "src\\menu.o" "src\\operations.o" "src\\validations.o" 
Info: Nothing to build for TP1
13:06:51 **** Incremental Build of configuration Debug for project TP1 ****
Info: Internal Builder is used for build
gcc -O0 -g3 -Wall -c -fmessage-length=0 -o "src\\main.o" "..\\src\\main.c" 
..\src\main.c: In function 'main':
..\src\main.c:59:9: warning: the address of 'scanf' will always evaluate as 'true' [-Waddress]
   59 |  }while(!scanf);
      |         ^
..\src\main.c:27:11: warning: unused variable 'operation' [-Wunused-variable]
   27 |     char  operation;
      |           ^~~~~~~~~
..\src\main.c:26:11: warning: unused variable 'exit' [-Wunused-variable]
   26 |     bool  exit=0;
      |           ^~~~
gcc -o TP1.exe "src\\inout.o" "src\\main.o" "src\\menu.o" "src\\operations.o" "src\\validations.o" 
Info: Nothing to build for TP1
13:08:53 **** Incremental Build of configuration Debug for project TP1 ****
Info: Internal Builder is used for build
gcc -O0 -g3 -Wall -c -fmessage-length=0 -o "src\\main.o" "..\\src\\main.c" 
..\src\main.c: In function 'main':
..\src\main.c:59:18: warning: format '%s' expects a matching 'char *' argument [-Wformat=]
   59 |  }while(!scanf("%s"));
      |                 ~^
      |                  |
      |                  char *
..\src\main.c:27:11: warning: unused variable 'operation' [-Wunused-variable]
   27 |     char  operation;
      |           ^~~~~~~~~
..\src\main.c:26:11: warning: unused variable 'exit' [-Wunused-variable]
   26 |     bool  exit=0;
      |           ^~~~
gcc -o TP1.exe "src\\inout.o" "src\\main.o" "src\\menu.o" "src\\operations.o" "src\\validations.o" 
13:09:20 **** Incremental Build of configuration Debug for project TP1 ****
Info: Internal Builder is used for build
gcc -O0 -g3 -Wall -c -fmessage-length=0 -o "src\\main.o" "..\\src\\main.c" 
..\src\main.c: In function 'main':
..\src\main.c:59:23: error: 'operacion' undeclared (first use in this function); did you mean 'operation'?
   59 |  }while(!scanf("%s", &operacion));
      |                       ^~~~~~~~~
      |                       operation
..\src\main.c:59:23: note: each undeclared identifier is reported only once for each function it appears in
..\src\main.c:27:11: warning: unused variable 'operation' [-Wunused-variable]
   27 |     char  operation;
      |           ^~~~~~~~~
..\src\main.c:26:11: warning: unused variable 'exit' [-Wunused-variable]
   26 |     bool  exit=0;
      |           ^~~~
13:09:38 **** Incremental Build of configuration Debug for project TP1 ****
Info: Internal Builder is used for build
gcc -O0 -g3 -Wall -c -fmessage-length=0 -o "src\\main.o" "..\\src\\main.c" 
..\src\main.c: In function 'main':
..\src\main.c:59:22: error: 'operacion' undeclared (first use in this function); did you mean 'operation'?
   59 |  }while(scanf("%s", &operacion));
      |                      ^~~~~~~~~
      |                      operation
..\src\main.c:59:22: note: each undeclared identifier is reported only once for each function it appears in
..\src\main.c:27:11: warning: unused variable 'operation' [-Wunused-variable]
   27 |     char  operation;
      |           ^~~~~~~~~
..\src\main.c:26:11: warning: unused variable 'exit' [-Wunused-variable]
   26 |     bool  exit=0;
      |           ^~~~
13:09:52 **** Incremental Build of configuration Debug for project TP1 ****
Info: Internal Builder is used for build
gcc -O0 -g3 -Wall -c -fmessage-length=0 -o "src\\main.o" "..\\src\\main.c" 
..\src\main.c: In function 'main':
..\src\main.c:59:22: error: 'operacion' undeclared (first use in this function); did you mean 'operation'?
   59 |  }while(scanf("%c", &operacion));
      |                      ^~~~~~~~~
      |                      operation
..\src\main.c:59:22: note: each undeclared identifier is reported only once for each function it appears in
..\src\main.c:27:11: warning: unused variable 'operation' [-Wunused-variable]
   27 |     char  operation;
      |           ^~~~~~~~~
..\src\main.c:26:11: warning: unused variable 'exit' [-Wunused-variable]
   26 |     bool  exit=0;
      |           ^~~~
13:10:08 **** Incremental Build of configuration Debug for project TP1 ****
Info: Internal Builder is used for build
gcc -O0 -g3 -Wall -c -fmessage-length=0 -o "src\\main.o" "..\\src\\main.c" 
..\src\main.c: In function 'main':
..\src\main.c:26:11: warning: unused variable 'exit' [-Wunused-variable]
   26 |     bool  exit=0;
      |           ^~~~
gcc -o TP1.exe "src\\inout.o" "src\\main.o" "src\\menu.o" "src\\operations.o" "src\\validations.o" 
Info: Nothing to build for TP1
13:10:43 **** Incremental Build of configuration Debug for project TP1 ****
Info: Internal Builder is used for build
gcc -O0 -g3 -Wall -c -fmessage-length=0 -o "src\\main.o" "..\\src\\main.c" 
..\src\main.c: In function 'main':
..\src\main.c:26:11: warning: unused variable 'exit' [-Wunused-variable]
   26 |     bool  exit=0;
      |           ^~~~
gcc -o TP1.exe "src\\inout.o" "src\\main.o" "src\\menu.o" "src\\operations.o" "src\\validations.o" 
Info: Nothing to build for TP1
13:16:07 **** Incremental Build of configuration Debug for project TP1 ****
Info: Internal Builder is used for build
gcc -O0 -g3 -Wall -c -fmessage-length=0 -o "src\\main.o" "..\\src\\main.c" 
..\src\main.c: In function 'main':
..\src\main.c:26:11: warning: unused variable 'exit' [-Wunused-variable]
   26 |     bool  exit=0;
      |           ^~~~
gcc -o TP1.exe "src\\inout.o" "src\\main.o" "src\\menu.o" "src\\operations.o" "src\\validations.o" 
Info: Nothing to build for TP1
13:16:56 **** Incremental Build of configuration Debug for project TP1 ****
Info: Internal Builder is used for build
gcc -O0 -g3 -Wall -c -fmessage-length=0 -o "src\\main.o" "..\\src\\main.c" 
..\src\main.c: In function 'main':
..\src\main.c:26:11: warning: unused variable 'exit' [-Wunused-variable]
   26 |     bool  exit=0;
      |           ^~~~
gcc -O0 -g3 -Wall -c -fmessage-length=0 -o "src\\inout.o" "..\\src\\inout.c" 
gcc -O0 -g3 -Wall -c -fmessage-length=0 -o "src\\menu.o" "..\\src\\menu.c" 
gcc -o TP1.exe "src\\inout.o" "src\\main.o" "src\\menu.o" "src\\operations.o" "src\\validations.o" 
Info: Nothing to build for TP1
13:18:01 **** Incremental Build of configuration Debug for project TP1 ****
Info: Internal Builder is used for build
gcc -O0 -g3 -Wall -c -fmessage-length=0 -o "src\\inout.o" "..\\src\\inout.c" 
gcc -o TP1.exe "src\\inout.o" "src\\main.o" "src\\menu.o" "src\\operations.o" "src\\validations.o" 
Info: Nothing to build for TP1
13:19:45 **** Incremental Build of configuration Debug for project TP1 ****
Info: Internal Builder is used for build
gcc -O0 -g3 -Wall -c -fmessage-length=0 -o "src\\inout.o" "..\\src\\inout.c" 
gcc -o TP1.exe "src\\inout.o" "src\\main.o" "src\\menu.o" "src\\operations.o" "src\\validations.o" 
Info: Nothing to build for TP1
13:22:06 **** Incremental Build of configuration Debug for project TP1 ****
Info: Internal Builder is used for build
gcc -O0 -g3 -Wall -c -fmessage-length=0 -o "src\\main.o" "..\\src\\main.c" 
..\src\main.c: In function 'main':
..\src\main.c:26:11: warning: unused variable 'exit' [-Wunused-variable]
   26 |     bool  exit=0;
      |           ^~~~
gcc -o TP1.exe "src\\inout.o" "src\\main.o" "src\\menu.o" "src\\operations.o" "src\\validations.o" 
13:22:32 **** Incremental Build of configuration Debug for project TP1 ****
Info: Internal Builder is used for build
gcc -O0 -g3 -Wall -c -fmessage-length=0 -o "src\\main.o" "..\\src\\main.c" 
gcc -o TP1.exe "src\\inout.o" "src\\main.o" "src\\menu.o" "src\\operations.o" "src\\validations.o" 
Info: Nothing to build for TP1
13:23:33 **** Incremental Build of configuration Debug for project TP1 ****
Info: Internal Builder is used for build
gcc -O0 -g3 -Wall -c -fmessage-length=0 -o "src\\main.o" "..\\src\\main.c" 
gcc -o TP1.exe "src\\inout.o" "src\\main.o" "src\\menu.o" "src\\operations.o" "src\\validations.o" 
Info: Nothing to build for TP1
13:23:48 **** Incremental Build of configuration Debug for project TP1 ****
Info: Internal Builder is used for build
gcc -O0 -g3 -Wall -c -fmessage-length=0 -o "src\\main.o" "..\\src\\main.c" 
gcc -o TP1.exe "src\\inout.o" "src\\main.o" "src\\menu.o" "src\\operations.o" "src\\validations.o" 
13:27:04 **** Incremental Build of configuration Debug for project TP1 ****
Info: Internal Builder is used for build
gcc -O0 -g3 -Wall -c -fmessage-length=0 -o "src\\main.o" "..\\src\\main.c" 
..\src\main.c: In function 'main':
..\src\main.c:58:27: warning: implicit declaration of function 'strlen' [-Wimplicit-function-declaration]
   58 |  }while(!fgets(&operation,strlen(operation),stdin));
      |                           ^~~~~~
..\src\main.c:58:27: warning: incompatible implicit declaration of built-in function 'strlen'
..\src\main.c:17:1: note: include '<string.h>' or provide a declaration of 'strlen'
   16 | #include "strings_eng.h"
  +++ |+#include <string.h>
   17 | 
..\src\main.c:58:16: warning: passing argument 1 of 'fgets' from incompatible pointer type [-Wincompatible-pointer-types]
   58 |  }while(!fgets(&operation,strlen(operation),stdin));
      |                ^~~~~~~~~~
      |                |
      |                char (*)[1]
In file included from ..\src\main.c:7:
c:\mingw\include\stdio.h:706:41: note: expected 'char *' but argument is of type 'char (*)[1]'
  706 | _CRTIMP __cdecl __MINGW_NOTHROW  char * fgets (char *, int, FILE *);
      |                                         ^~~~~
..\src\main.c:106:31: warning: incompatible implicit declaration of built-in function 'strlen'
  106 |      }while(!fgets(&operation,strlen(operation),stdin));
      |                               ^~~~~~
..\src\main.c:106:31: note: include '<string.h>' or provide a declaration of 'strlen'
..\src\main.c:106:20: warning: passing argument 1 of 'fgets' from incompatible pointer type [-Wincompatible-pointer-types]
  106 |      }while(!fgets(&operation,strlen(operation),stdin));
      |                    ^~~~~~~~~~
      |                    |
      |                    char (*)[1]
In file included from ..\src\main.c:7:
c:\mingw\include\stdio.h:706:41: note: expected 'char *' but argument is of type 'char (*)[1]'
  706 | _CRTIMP __cdecl __MINGW_NOTHROW  char * fgets (char *, int, FILE *);
      |                                         ^~~~~
gcc -o TP1.exe "src\\inout.o" "src\\main.o" "src\\menu.o" "src\\operations.o" "src\\validations.o" 
13:27:24 **** Incremental Build of configuration Debug for project TP1 ****
Info: Internal Builder is used for build
gcc -O0 -g3 -Wall -c -fmessage-length=0 -o "src\\main.o" "..\\src\\main.c" 
..\src\main.c: In function 'main':
..\src\main.c:58:27: warning: implicit declaration of function 'strlen' [-Wimplicit-function-declaration]
   58 |  }while(!fgets(&operation,strlen(operation),stdin));
      |                           ^~~~~~
..\src\main.c:58:27: warning: incompatible implicit declaration of built-in function 'strlen'
..\src\main.c:17:1: note: include '<string.h>' or provide a declaration of 'strlen'
   16 | #include "strings_eng.h"
  +++ |+#include <string.h>
   17 | 
..\src\main.c:58:34: warning: passing argument 1 of 'strlen' from incompatible pointer type [-Wincompatible-pointer-types]
   58 |  }while(!fgets(&operation,strlen(operation),stdin));
      |                                  ^~~~~~~~~
      |                                  |
      |                                  char **
..\src\main.c:58:34: note: expected 'const char *' but argument is of type 'char **'
..\src\main.c:58:16: warning: passing argument 1 of 'fgets' from incompatible pointer type [-Wincompatible-pointer-types]
   58 |  }while(!fgets(&operation,strlen(operation),stdin));
      |                ^~~~~~~~~~
      |                |
      |                char * (*)[1]
In file included from ..\src\main.c:7:
c:\mingw\include\stdio.h:706:41: note: expected 'char *' but argument is of type 'char * (*)[1]'
  706 | _CRTIMP __cdecl __MINGW_NOTHROW  char * fgets (char *, int, FILE *);
      |                                         ^~~~~
..\src\main.c:106:31: warning: incompatible implicit declaration of built-in function 'strlen'
  106 |      }while(!fgets(&operation,strlen(operation),stdin));
      |                               ^~~~~~
..\src\main.c:106:31: note: include '<string.h>' or provide a declaration of 'strlen'
..\src\main.c:106:38: warning: passing argument 1 of 'strlen' from incompatible pointer type [-Wincompatible-pointer-types]
  106 |      }while(!fgets(&operation,strlen(operation),stdin));
      |                                      ^~~~~~~~~
      |                                      |
      |                                      char **
..\src\main.c:106:38: note: expected 'const char *' but argument is of type 'char **'
..\src\main.c:106:20: warning: passing argument 1 of 'fgets' from incompatible pointer type [-Wincompatible-pointer-types]
  106 |      }while(!fgets(&operation,strlen(operation),stdin));
      |                    ^~~~~~~~~~
      |                    |
      |                    char * (*)[1]
In file included from ..\src\main.c:7:
c:\mingw\include\stdio.h:706:41: note: expected 'char *' but argument is of type 'char * (*)[1]'
  706 | _CRTIMP __cdecl __MINGW_NOTHROW  char * fgets (char *, int, FILE *);
      |                                         ^~~~~
gcc -o TP1.exe "src\\inout.o" "src\\main.o" "src\\menu.o" "src\\operations.o" "src\\validations.o" 
13:27:38 **** Incremental Build of configuration Debug for project TP1 ****
Info: Internal Builder is used for build
gcc -O0 -g3 -Wall -c -fmessage-length=0 -o "src\\main.o" "..\\src\\main.c" 
..\src\main.c: In function 'main':
..\src\main.c:26:12: error: array size missing in 'operation'
   26 |     char*  operation[];
      |            ^~~~~~~~~
..\src\main.c:58:27: warning: implicit declaration of function 'strlen' [-Wimplicit-function-declaration]
   58 |  }while(!fgets(&operation,strlen(operation),stdin));
      |                           ^~~~~~
..\src\main.c:58:27: warning: incompatible implicit declaration of built-in function 'strlen'
..\src\main.c:17:1: note: include '<string.h>' or provide a declaration of 'strlen'
   16 | #include "strings_eng.h"
  +++ |+#include <string.h>
   17 | 
..\src\main.c:58:34: warning: passing argument 1 of 'strlen' from incompatible pointer type [-Wincompatible-pointer-types]
   58 |  }while(!fgets(&operation,strlen(operation),stdin));
      |                                  ^~~~~~~~~
      |                                  |
      |                                  char **
..\src\main.c:58:34: note: expected 'const char *' but argument is of type 'char **'
..\src\main.c:58:16: warning: passing argument 1 of 'fgets' from incompatible pointer type [-Wincompatible-pointer-types]
   58 |  }while(!fgets(&operation,strlen(operation),stdin));
      |                ^~~~~~~~~~
      |                |
      |                char * (*)[1]
In file included from ..\src\main.c:7:
c:\mingw\include\stdio.h:706:41: note: expected 'char *' but argument is of type 'char * (*)[1]'
  706 | _CRTIMP __cdecl __MINGW_NOTHROW  char * fgets (char *, int, FILE *);
      |                                         ^~~~~
..\src\main.c:106:31: warning: incompatible implicit declaration of built-in function 'strlen'
  106 |      }while(!fgets(&operation,strlen(operation),stdin));
      |                               ^~~~~~
..\src\main.c:106:31: note: include '<string.h>' or provide a declaration of 'strlen'
..\src\main.c:106:38: warning: passing argument 1 of 'strlen' from incompatible pointer type [-Wincompatible-pointer-types]
  106 |      }while(!fgets(&operation,strlen(operation),stdin));
      |                                      ^~~~~~~~~
      |                                      |
      |                                      char **
..\src\main.c:106:38: note: expected 'const char *' but argument is of type 'char **'
..\src\main.c:106:20: warning: passing argument 1 of 'fgets' from incompatible pointer type [-Wincompatible-pointer-types]
  106 |      }while(!fgets(&operation,strlen(operation),stdin));
      |                    ^~~~~~~~~~
      |                    |
      |                    char * (*)[1]
In file included from ..\src\main.c:7:
c:\mingw\include\stdio.h:706:41: note: expected 'char *' but argument is of type 'char * (*)[1]'
  706 | _CRTIMP __cdecl __MINGW_NOTHROW  char * fgets (char *, int, FILE *);
      |                                         ^~~~~
13:27:50 **** Incremental Build of configuration Debug for project TP1 ****
Info: Internal Builder is used for build
gcc -O0 -g3 -Wall -c -fmessage-length=0 -o "src\\main.o" "..\\src\\main.c" 
..\src\main.c: In function 'main':
..\src\main.c:26:11: error: array size missing in 'operation'
   26 |     char  operation[];
      |           ^~~~~~~~~
..\src\main.c:58:27: warning: implicit declaration of function 'strlen' [-Wimplicit-function-declaration]
   58 |  }while(!fgets(&operation,strlen(operation),stdin));
      |                           ^~~~~~
..\src\main.c:58:27: warning: incompatible implicit declaration of built-in function 'strlen'
..\src\main.c:17:1: note: include '<string.h>' or provide a declaration of 'strlen'
   16 | #include "strings_eng.h"
  +++ |+#include <string.h>
   17 | 
..\src\main.c:58:16: warning: passing argument 1 of 'fgets' from incompatible pointer type [-Wincompatible-pointer-types]
   58 |  }while(!fgets(&operation,strlen(operation),stdin));
      |                ^~~~~~~~~~
      |                |
      |                char (*)[1]
In file included from ..\src\main.c:7:
c:\mingw\include\stdio.h:706:41: note: expected 'char *' but argument is of type 'char (*)[1]'
  706 | _CRTIMP __cdecl __MINGW_NOTHROW  char * fgets (char *, int, FILE *);
      |                                         ^~~~~
..\src\main.c:106:31: warning: incompatible implicit declaration of built-in function 'strlen'
  106 |      }while(!fgets(&operation,strlen(operation),stdin));
      |                               ^~~~~~
..\src\main.c:106:31: note: include '<string.h>' or provide a declaration of 'strlen'
..\src\main.c:106:20: warning: passing argument 1 of 'fgets' from incompatible pointer type [-Wincompatible-pointer-types]
  106 |      }while(!fgets(&operation,strlen(operation),stdin));
      |                    ^~~~~~~~~~
      |                    |
      |                    char (*)[1]
In file included from ..\src\main.c:7:
c:\mingw\include\stdio.h:706:41: note: expected 'char *' but argument is of type 'char (*)[1]'
  706 | _CRTIMP __cdecl __MINGW_NOTHROW  char * fgets (char *, int, FILE *);
      |                                         ^~~~~
13:27:57 **** Incremental Build of configuration Debug for project TP1 ****
Info: Internal Builder is used for build
gcc -O0 -g3 -Wall -c -fmessage-length=0 -o "src\\main.o" "..\\src\\main.c" 
..\src\main.c: In function 'main':
..\src\main.c:58:27: warning: implicit declaration of function 'strlen' [-Wimplicit-function-declaration]
   58 |  }while(!fgets(&operation,strlen(operation),stdin));
      |                           ^~~~~~
..\src\main.c:58:27: warning: incompatible implicit declaration of built-in function 'strlen'
..\src\main.c:17:1: note: include '<string.h>' or provide a declaration of 'strlen'
   16 | #include "strings_eng.h"
  +++ |+#include <string.h>
   17 | 
..\src\main.c:58:34: warning: passing argument 1 of 'strlen' makes pointer from integer without a cast [-Wint-conversion]
   58 |  }while(!fgets(&operation,strlen(operation),stdin));
      |                                  ^~~~~~~~~
      |                                  |
      |                                  char
..\src\main.c:58:34: note: expected 'const char *' but argument is of type 'char'
..\src\main.c:106:31: warning: incompatible implicit declaration of built-in function 'strlen'
  106 |      }while(!fgets(&operation,strlen(operation),stdin));
      |                               ^~~~~~
..\src\main.c:106:31: note: include '<string.h>' or provide a declaration of 'strlen'
..\src\main.c:106:38: warning: passing argument 1 of 'strlen' makes pointer from integer without a cast [-Wint-conversion]
  106 |      }while(!fgets(&operation,strlen(operation),stdin));
      |                                      ^~~~~~~~~
      |                                      |
      |                                      char
..\src\main.c:106:38: note: expected 'const char *' but argument is of type 'char'
gcc -o TP1.exe "src\\inout.o" "src\\main.o" "src\\menu.o" "src\\operations.o" "src\\validations.o" 
13:28:26 **** Incremental Build of configuration Debug for project TP1 ****
Info: Internal Builder is used for build
gcc -O0 -g3 -Wall -c -fmessage-length=0 -o "src\\main.o" "..\\src\\main.c" 
gcc -o TP1.exe "src\\inout.o" "src\\main.o" "src\\menu.o" "src\\operations.o" "src\\validations.o" 
13:29:29 **** Incremental Build of configuration Debug for project TP1 ****
Info: Internal Builder is used for build
gcc -O0 -g3 -Wall -c -fmessage-length=0 -o "src\\main.o" "..\\src\\main.c" 
gcc -o TP1.exe "src\\inout.o" "src\\main.o" "src\\menu.o" "src\\operations.o" "src\\validations.o" 
